<?xml version="1.0" encoding="UTF-8"?>
<testsuite name="Day01Tests" tests="1" skipped="0" failures="0" errors="0" timestamp="2021-10-21T23:02:19" hostname="Denniss-MBP" time="0.015">
  <properties/>
  <testcase name="Part 2 input passes" classname="Day01Tests" time="0.015"/>
  <system-out><![CDATA[]]></system-out>
  <system-err><![CDATA[]]></system-err>
</testsuite>
